<?xml version="1.0" encoding="UTF-8"?>
<testng-results ignored="0" total="1" passed="1" failed="0" skipped="0">
  <reporter-output>
  </reporter-output>
  <suite started-at="2025-03-29T09:15:10 IST" name="Default suite" finished-at="2025-03-29T09:15:10 IST" duration-ms="87">
    <groups>
    </groups>
    <test started-at="2025-03-29T09:15:10 IST" name="Default test" finished-at="2025-03-29T09:15:10 IST" duration-ms="87">
      <class name="sample.EnginnerSample">
        <test-method signature="demo2()[pri:0, instance:sample.EnginnerSample@6989da5e]" started-at="2025-03-29T09:15:10 IST" name="demo2" finished-at="2025-03-29T09:15:10 IST" duration-ms="20" status="PASS">
          <reporter-output>
          </reporter-output>
        </test-method> <!-- demo2 -->
      </class> <!-- sample.EnginnerSample -->
    </test> <!-- Default test -->
  </suite> <!-- Default suite -->
</testng-results>
